#
# A fatal error has been detected by the Java Runtime Environment:
#
#  Internal Error (javaClasses.cpp:136), pid=8228, tid=6740
#  fatal error: Invalid layout of preloaded class
#
# JRE version:  (7.0_51-b13) (build )
# Java VM: Java HotSpot(TM) 64-Bit Server VM (24.51-b03 mixed mode windows-amd64 compressed oops)
# Failed to write core dump. Minidumps are not enabled by default on client versions of Windows
#
# If you would like to submit a bug report, please visit:
#   http://bugreport.sun.com/bugreport/crash.jsp
#

---------------  T H R E A D  ---------------

Current thread (0x0000000001ec0800):  JavaThread "Unknown thread" [_thread_in_vm, id=6740, stack(0x0000000001dc0000,0x0000000001ec0000)]

Stack: [0x0000000001dc0000,0x0000000001ec0000]

---------------  P R O C E S S  ---------------

Java Threads: ( => current thread )

Other Threads:

=>0x0000000001ec0800 (exited) JavaThread "Unknown thread" [_thread_in_vm, id=6740, stack(0x0000000001dc0000,0x0000000001ec0000)]

VM state:not at safepoint (not fully initialized)

VM Mutex/Monitor currently owned by a thread: None

GC Heap History (0 events):
No events

Deoptimization events (0 events):
No events

Internal exceptions (0 events):
No events

Events (10 events):
Event: 0.025 loading class 0x0000000001f04a90 done
Event: 0.026 loading class 0x0000000001f044b0 done
Event: 0.026 loading class 0x0000000001f04490
Event: 0.026 loading class 0x0000000001f0c590
Event: 0.031 loading class 0x0000000001f0c590 done
Event: 0.031 loading class 0x0000000001f0c5c0
Event: 0.031 loading class 0x0000000001f0c5c0 done
Event: 0.031 loading class 0x0000000001f0c5f0
Event: 0.031 loading class 0x0000000001f0c5f0 done
Event: 0.031 loading class 0x0000000001f04490 done


Dynamic libraries:
0x00007ff67fac0000 - 0x00007ff67faf3000 	C:\Program Files\Java\jre7\bin\javaw.exe
0x00007ffaf07e0000 - 0x00007ffaf098a000 	C:\Windows\SYSTEM32\ntdll.dll
0x00007ffaef5f0000 - 0x00007ffaef72a000 	C:\Windows\system32\KERNEL32.DLL
0x00007ffaede00000 - 0x00007ffaedf0f000 	C:\Windows\system32\KERNELBASE.dll
0x00007ffaec780000 - 0x00007ffaec808000 	C:\Windows\system32\apphelp.dll
0x00007ffacded0000 - 0x00007ffacdf1f000 	C:\Windows\AppPatch\AppPatch64\AcGenral.DLL
0x00007ffaf04b0000 - 0x00007ffaf0557000 	C:\Windows\system32\msvcrt.dll
0x00007ffaed990000 - 0x00007ffaed9bb000 	C:\Windows\SYSTEM32\SspiCli.dll
0x00007ffaefc00000 - 0x00007ffaefc51000 	C:\Windows\system32\SHLWAPI.dll
0x00007ffaf0600000 - 0x00007ffaf0771000 	C:\Windows\system32\USER32.dll
0x00007ffaf00b0000 - 0x00007ffaf0228000 	C:\Windows\system32\ole32.dll
0x00007ffaee110000 - 0x00007ffaef527000 	C:\Windows\system32\SHELL32.dll
0x00007ffaed160000 - 0x00007ffaed17e000 	C:\Windows\SYSTEM32\USERENV.dll
0x00007ffaefc60000 - 0x00007ffaefd05000 	C:\Windows\system32\ADVAPI32.dll
0x00007ffae2280000 - 0x00007ffae229b000 	C:\Windows\SYSTEM32\MPR.dll
0x00007ffaefd10000 - 0x00007ffaefe46000 	C:\Windows\system32\RPCRT4.dll
0x00007ffaefe60000 - 0x00007ffaefeb7000 	C:\Windows\SYSTEM32\sechost.dll
0x00007ffaef8d0000 - 0x00007ffaefaa6000 	C:\Windows\SYSTEM32\combase.dll
0x00007ffaefab0000 - 0x00007ffaefbf5000 	C:\Windows\system32\GDI32.dll
0x00007ffaedb50000 - 0x00007ffaedb64000 	C:\Windows\SYSTEM32\profapi.dll
0x00007ffaec190000 - 0x00007ffaec22f000 	C:\Windows\SYSTEM32\SHCORE.dll
0x00007ffaf0230000 - 0x00007ffaf0264000 	C:\Windows\system32\IMM32.DLL
0x00007ffaef730000 - 0x00007ffaef869000 	C:\Windows\system32\MSCTF.dll
0x00007ffaebd60000 - 0x00007ffaebfba000 	C:\Windows\WinSxS\amd64_microsoft.windows.common-controls_6595b64144ccf1df_6.0.9600.17031_none_6242a4b3ecbb55a1\COMCTL32.dll
0x0000000058ef0000 - 0x0000000058fc2000 	C:\Program Files\Java\jre7\bin\msvcr100.dll
0x0000000058720000 - 0x0000000058ee9000 	C:\Program Files\Java\jre7\bin\server\jvm.dll
0x00007ffae2220000 - 0x00007ffae2229000 	C:\Windows\SYSTEM32\WSOCK32.dll
0x00007ffae2260000 - 0x00007ffae227f000 	C:\Windows\SYSTEM32\WINMM.dll
0x00007ffaf05d0000 - 0x00007ffaf05d7000 	C:\Windows\system32\PSAPI.DLL
0x00007ffaef870000 - 0x00007ffaef8c8000 	C:\Windows\system32\WS2_32.dll
0x00007ffae2230000 - 0x00007ffae225a000 	C:\Windows\SYSTEM32\WINMMBASE.dll
0x00007ffaefe50000 - 0x00007ffaefe59000 	C:\Windows\system32\NSI.dll
0x00007ffaee010000 - 0x00007ffaee05a000 	C:\Windows\SYSTEM32\cfgmgr32.dll
0x00007ffaec9d0000 - 0x00007ffaec9f6000 	C:\Windows\SYSTEM32\DEVOBJ.dll
0x000000005a020000 - 0x000000005a02f000 	C:\Program Files\Java\jre7\bin\verify.dll
0x00000000586f0000 - 0x0000000058718000 	C:\Program Files\Java\jre7\bin\java.dll
0x00000000586d0000 - 0x00000000586e5000 	C:\Program Files\Java\jre7\bin\zip.dll

VM Arguments:
jvm_args: -Dfile.encoding=Cp1252 -Xbootclasspath:C:\Users\Aflynch\Software\adt-bundle-windows-x86_64-20131030\adt-bundle-windows-x86_64-20131030\sdk\platforms\android-19\android.jar 
java_command: com.lynchsoftwareengineering.drivespectrum.DataAVGRules
Launcher Type: SUN_STANDARD

Environment Variables:
PATH=C:\app\sqlUser\product\12.1.0\dbhome_3\bin;C:\app\Aflynch\product\12.1.0\dbhome_1\bin;C:\app\Aflynch\product\11.2.0\dbhome_2\bin;C:\app\Aflynch\product\11.2.0\dbhome_1\bin;C:\Windows\system32;C:\Windows;C:\Windows\System32\Wbem;C:\Windows\System32\WindowsPowerShell\v1.0\;C:\Program Files (x86)\ATI Technologies\ATI.ACE\Core-Static; C:\BitNami\wampstack-5.4.24-0\git\bin;C:\BitNami\wampstack-5.4.24-0\php;C:\ProgramData\ComposerSetup\bin;C:\Program Files (x86)\QuickTime\QTSystem\;C:\BitNami\wampstack-5.4.24-0\mysql\bin\
USERNAME=Aflynch
OS=Windows_NT
PROCESSOR_IDENTIFIER=AMD64 Family 22 Model 0 Stepping 1, AuthenticAMD



---------------  S Y S T E M  ---------------

OS: Windows 8 , 64 bit Build 9200 

CPU:total 4 (4 cores per cpu, 1 threads per core) family 22 model 0 stepping 1, cmov, cx8, fxsr, mmx, sse, sse2, sse3, ssse3, sse4.1, sse4.2, popcnt, avx, aes, mmxext, 3dnowpref, lzcnt, sse4a, tsc, tscinvbit, tscinv

Memory: 4k page, physical 7813384k(3156044k free), swap 15677704k(8362708k free)

vm_info: Java HotSpot(TM) 64-Bit Server VM (24.51-b03) for windows-amd64 JRE (1.7.0_51-b13), built on Dec 18 2013 18:40:56 by "java_re" with unknown MS VC++:1600

time: Tue Apr 15 14:34:32 2014
elapsed time: 0 seconds

